build/app/intermediates/manifest_merge_blame_file/debug/processDebugMainManifest/manifest-merger-blame-debug-report.txt
1<?xml version="1.0" encoding="utf-8"?>
2<manifest xmlns:android="http://schemas.android.com/apk/res/android"
3    package="com.heybaxi.vr"
4    android:versionCode="1"
5    android:versionName="1.0.0" >
6
7    <uses-sdk
8        android:minSdkVersion="23"
9        android:targetSdkVersion="35" />
10    <!--
11         The INTERNET permission is required for development. Specifically,
12         the Flutter tool needs it to communicate with the running application
13         to allow setting breakpoints, to provide hot reload, etc.
14    -->
15    <uses-permission android:name="android.permission.INTERNET" />
15-->src/main/AndroidManifest.xml:3:5-66
15-->src/main/AndroidManifest.xml:3:22-64
16    <uses-permission android:name="android.permission.ACCESS_FINE_LOCATION" />
16-->src/main/AndroidManifest.xml:4:5-79
16-->src/main/AndroidManifest.xml:4:22-76
17    <uses-permission android:name="android.permission.ACCESS_COARSE_LOCATION" />
17-->src/main/AndroidManifest.xml:5:5-81
17-->src/main/AndroidManifest.xml:5:22-78
18    <uses-permission android:name="android.permission.POST_NOTIFICATIONS" />
18-->src/main/AndroidManifest.xml:6:5-76
18-->src/main/AndroidManifest.xml:6:22-74
19    <uses-permission android:name="android.permission.FOREGROUND_SERVICE" />
19-->src/main/AndroidManifest.xml:7:5-77
19-->src/main/AndroidManifest.xml:7:22-74
20    <uses-permission android:name="android.permission.RECORD_AUDIO" />
20-->src/main/AndroidManifest.xml:8:5-70
20-->src/main/AndroidManifest.xml:8:22-68
21    <uses-permission android:name="android.permission.BLUETOOTH" />
21-->src/main/AndroidManifest.xml:9:5-67
21-->src/main/AndroidManifest.xml:9:22-65
22    <uses-permission android:name="android.permission.BLUETOOTH_ADMIN" />
22-->src/main/AndroidManifest.xml:10:5-73
22-->src/main/AndroidManifest.xml:10:22-71
23    <uses-permission android:name="android.permission.BLUETOOTH_CONNECT" />
23-->src/main/AndroidManifest.xml:11:5-75
23-->src/main/AndroidManifest.xml:11:22-73
24
25    <queries>
25-->src/main/AndroidManifest.xml:13:5-29:15
26        <intent>
26-->src/main/AndroidManifest.xml:14:9-17:18
27            <action android:name="android.intent.action.VIEW" />
27-->src/main/AndroidManifest.xml:15:13-65
27-->src/main/AndroidManifest.xml:15:21-62
28
29            <data android:scheme="https" />
29-->src/main/AndroidManifest.xml:16:13-44
29-->src/main/AndroidManifest.xml:16:19-41
30        </intent>
31        <intent>
31-->src/main/AndroidManifest.xml:18:9-21:18
32            <action android:name="android.intent.action.DIAL" />
32-->src/main/AndroidManifest.xml:19:13-65
32-->src/main/AndroidManifest.xml:19:21-62
33
34            <data android:scheme="tel" />
34-->src/main/AndroidManifest.xml:16:13-44
34-->src/main/AndroidManifest.xml:16:19-41
35        </intent>
36        <intent>
36-->src/main/AndroidManifest.xml:22:9-25:18
37            <action android:name="android.intent.action.SEND" />
37-->src/main/AndroidManifest.xml:23:13-65
37-->src/main/AndroidManifest.xml:23:21-62
38
39            <data android:mimeType="*/*" />
39-->src/main/AndroidManifest.xml:16:13-44
40        </intent>
41        <intent>
41-->src/main/AndroidManifest.xml:26:9-28:18
42            <action android:name="android.speech.RecognitionService" />
42-->src/main/AndroidManifest.xml:27:13-72
42-->src/main/AndroidManifest.xml:27:21-69
43        </intent>
44        <intent>
44-->[:flutter_inappwebview_android] AndroidManifest.xml:8:9-10:18
45            <action android:name="android.support.customtabs.action.CustomTabsService" />
45-->[:flutter_inappwebview_android] AndroidManifest.xml:9:13-90
45-->[:flutter_inappwebview_android] AndroidManifest.xml:9:21-87
46        </intent>
47        <intent>
47-->[:file_picker] AndroidManifest.xml:8:9-12:18
48            <action android:name="android.intent.action.GET_CONTENT" />
48-->[:file_picker] AndroidManifest.xml:9:13-72
48-->[:file_picker] AndroidManifest.xml:9:21-69
49
50            <data android:mimeType="*/*" />
50-->src/main/AndroidManifest.xml:16:13-44
51        </intent> <!-- Needs to be explicitly declared on Android R+ -->
52        <package android:name="com.google.android.apps.maps" />
52-->[com.google.android.gms:play-services-maps:18.2.0] AndroidManifest.xml:33:9-64
52-->[com.google.android.gms:play-services-maps:18.2.0] AndroidManifest.xml:33:18-61
53    </queries>
54
55    <uses-permission android:name="android.permission.VIBRATE" />
55-->[:flutter_local_notifications] AndroidManifest.xml:7:5-66
55-->[:flutter_local_notifications] AndroidManifest.xml:7:22-63
56    <uses-permission android:name="android.permission.ACCESS_NETWORK_STATE" />
56-->[:connectivity_plus] AndroidManifest.xml:7:5-79
56-->[:connectivity_plus] AndroidManifest.xml:7:22-76
57    <uses-permission android:name="android.permission.WAKE_LOCK" />
57-->[:firebase_messaging] AndroidManifest.xml:8:5-68
57-->[:firebase_messaging] AndroidManifest.xml:8:22-65
58
59    <uses-feature
59-->[com.google.android.gms:play-services-maps:18.2.0] AndroidManifest.xml:26:5-28:35
60        android:glEsVersion="0x00020000"
60-->[com.google.android.gms:play-services-maps:18.2.0] AndroidManifest.xml:27:9-41
61        android:required="true" /> <!-- Required by older versions of Google Play services to create IID tokens -->
61-->[com.google.android.gms:play-services-maps:18.2.0] AndroidManifest.xml:28:9-32
62    <uses-permission android:name="com.google.android.c2dm.permission.RECEIVE" />
62-->[com.google.firebase:firebase-messaging:24.1.0] AndroidManifest.xml:26:5-82
62-->[com.google.firebase:firebase-messaging:24.1.0] AndroidManifest.xml:26:22-79
63    <uses-permission android:name="com.google.android.gms.permission.AD_ID" />
63-->[com.google.android.gms:play-services-measurement-api:22.1.2] AndroidManifest.xml:25:5-79
63-->[com.google.android.gms:play-services-measurement-api:22.1.2] AndroidManifest.xml:25:22-76
64    <uses-permission android:name="android.permission.ACCESS_ADSERVICES_ATTRIBUTION" />
64-->[com.google.android.gms:play-services-measurement-api:22.1.2] AndroidManifest.xml:26:5-88
64-->[com.google.android.gms:play-services-measurement-api:22.1.2] AndroidManifest.xml:26:22-85
65    <uses-permission android:name="android.permission.ACCESS_ADSERVICES_AD_ID" />
65-->[com.google.android.gms:play-services-measurement-api:22.1.2] AndroidManifest.xml:27:5-82
65-->[com.google.android.gms:play-services-measurement-api:22.1.2] AndroidManifest.xml:27:22-79
66    <uses-permission android:name="com.google.android.finsky.permission.BIND_GET_INSTALL_REFERRER_SERVICE" />
66-->[com.google.android.gms:play-services-measurement:22.1.2] AndroidManifest.xml:26:5-110
66-->[com.google.android.gms:play-services-measurement:22.1.2] AndroidManifest.xml:26:22-107
67    <uses-permission android:name="com.google.android.providers.gsf.permission.READ_GSERVICES" />
67-->[com.google.android.recaptcha:recaptcha:18.5.1] AndroidManifest.xml:9:5-98
67-->[com.google.android.recaptcha:recaptcha:18.5.1] AndroidManifest.xml:9:22-95
68
69    <permission
69-->[androidx.core:core:1.13.1] AndroidManifest.xml:22:5-24:47
70        android:name="com.heybaxi.vr.DYNAMIC_RECEIVER_NOT_EXPORTED_PERMISSION"
70-->[androidx.core:core:1.13.1] AndroidManifest.xml:23:9-81
71        android:protectionLevel="signature" />
71-->[androidx.core:core:1.13.1] AndroidManifest.xml:24:9-44
72
73    <uses-permission android:name="com.heybaxi.vr.DYNAMIC_RECEIVER_NOT_EXPORTED_PERMISSION" />
73-->[androidx.core:core:1.13.1] AndroidManifest.xml:26:5-97
73-->[androidx.core:core:1.13.1] AndroidManifest.xml:26:22-94
74
75    <application
76        android:name="android.app.Application"
77        android:allowBackup="false"
78        android:appComponentFactory="androidx.core.app.CoreComponentFactory"
78-->[androidx.core:core:1.13.1] AndroidManifest.xml:28:18-86
79        android:debuggable="true"
80        android:extractNativeLibs="true"
81        android:fullBackupOnly="false"
82        android:icon="@mipmap/ic_launcher"
83        android:label="Hey Baxi"
84        android:requestLegacyExternalStorage="true" >
85        <meta-data
86            android:name="com.google.android.geo.API_KEY"
87            android:value="AIzaSyD3Zqpw5cCITDf22Zz1FWuRaWLxE0eWKXU" />
88        <meta-data
89            android:name="com.google.android.gms.version"
90            android:value="@integer/google_play_services_version" />
91        <!-- Necessary for apps that target Android 9.0 or higher -->
92        <uses-library
93            android:name="org.apache.http.legacy"
94            android:required="false" />
95
96        <activity
97            android:name="com.heybaxi.vr.MainActivity"
98            android:configChanges="orientation|keyboardHidden|keyboard|screenSize|smallestScreenSize|locale|layoutDirection|fontScale|screenLayout|density|uiMode"
99            android:exported="true"
100            android:hardwareAccelerated="true"
101            android:launchMode="singleTop"
102            android:theme="@style/LaunchTheme"
103            android:windowSoftInputMode="adjustResize" >
104            <meta-data
105                android:name="io.flutter.embedding.android.NormalTheme"
106                android:resource="@style/NormalTheme" />
107            <meta-data
108                android:name="com.google.firebase.messaging.default_notification_channel_id"
109                android:value="6amTech" />
110
111            <intent-filter>
112                <action android:name="android.intent.action.MAIN" />
113
114                <category android:name="android.intent.category.LAUNCHER" />
115            </intent-filter>
116            <intent-filter android:autoVerify="true" >
117                <action android:name="android.intent.action.VIEW" />
117-->src/main/AndroidManifest.xml:15:13-65
117-->src/main/AndroidManifest.xml:15:21-62
118
119                <category android:name="android.intent.category.DEFAULT" />
119-->[com.google.firebase:firebase-auth:23.1.0] AndroidManifest.xml:38:17-76
119-->[com.google.firebase:firebase-auth:23.1.0] AndroidManifest.xml:38:27-73
120                <category android:name="android.intent.category.BROWSABLE" />
120-->[com.google.firebase:firebase-auth:23.1.0] AndroidManifest.xml:39:17-78
120-->[com.google.firebase:firebase-auth:23.1.0] AndroidManifest.xml:39:27-75
121
122                <data
122-->src/main/AndroidManifest.xml:16:13-44
123                    android:host="open"
124                    android:scheme="Hey Baxi" />
124-->src/main/AndroidManifest.xml:16:19-41
125            </intent-filter>
126        </activity>
127
128        <meta-data
129            android:name="flutterEmbedding"
130            android:value="2" />
131        <meta-data
132            android:name="com.google.firebase.messaging.default_notification_channel_id"
133            android:value="hexaride" />
134        <!--
135           Declares a provider which allows us to store files to share in
136           '.../caches/share_plus' and grant the receiving action access
137        -->
138        <provider
138-->[:share_plus] AndroidManifest.xml:13:9-21:20
139            android:name="dev.fluttercommunity.plus.share.ShareFileProvider"
139-->[:share_plus] AndroidManifest.xml:14:13-77
140            android:authorities="com.heybaxi.vr.flutter.share_provider"
140-->[:share_plus] AndroidManifest.xml:15:13-74
141            android:exported="false"
141-->[:share_plus] AndroidManifest.xml:16:13-37
142            android:grantUriPermissions="true" >
142-->[:share_plus] AndroidManifest.xml:17:13-47
143            <meta-data
143-->[:share_plus] AndroidManifest.xml:18:13-20:68
144                android:name="android.support.FILE_PROVIDER_PATHS"
144-->[:share_plus] AndroidManifest.xml:19:17-67
145                android:resource="@xml/flutter_share_file_paths" />
145-->[:share_plus] AndroidManifest.xml:20:17-65
146        </provider>
147        <!--
148           This manifest declared broadcast receiver allows us to use an explicit
149           Intent when creating a PendingItent to be informed of the user's choice
150        -->
151        <receiver
151-->[:share_plus] AndroidManifest.xml:26:9-32:20
152            android:name="dev.fluttercommunity.plus.share.SharePlusPendingIntent"
152-->[:share_plus] AndroidManifest.xml:27:13-82
153            android:exported="false" >
153-->[:share_plus] AndroidManifest.xml:28:13-37
154            <intent-filter>
154-->[:share_plus] AndroidManifest.xml:29:13-31:29
155                <action android:name="EXTRA_CHOSEN_COMPONENT" />
155-->[:share_plus] AndroidManifest.xml:30:17-65
155-->[:share_plus] AndroidManifest.xml:30:25-62
156            </intent-filter>
157        </receiver>
158
159        <activity
159-->[:flutter_inappwebview_android] AndroidManifest.xml:14:9-18:47
160            android:name="com.pichillilorenzo.flutter_inappwebview_android.in_app_browser.InAppBrowserActivity"
160-->[:flutter_inappwebview_android] AndroidManifest.xml:15:13-112
161            android:configChanges="orientation|keyboardHidden|keyboard|screenSize|locale|layoutDirection|fontScale|screenLayout|density"
161-->[:flutter_inappwebview_android] AndroidManifest.xml:16:13-137
162            android:exported="false"
162-->[:flutter_inappwebview_android] AndroidManifest.xml:17:13-37
163            android:theme="@style/AppTheme" />
163-->[:flutter_inappwebview_android] AndroidManifest.xml:18:13-44
164        <activity
164-->[:flutter_inappwebview_android] AndroidManifest.xml:19:9-22:55
165            android:name="com.pichillilorenzo.flutter_inappwebview_android.chrome_custom_tabs.ChromeCustomTabsActivity"
165-->[:flutter_inappwebview_android] AndroidManifest.xml:20:13-120
166            android:exported="false"
166-->[:flutter_inappwebview_android] AndroidManifest.xml:21:13-37
167            android:theme="@style/ThemeTransparent" />
167-->[:flutter_inappwebview_android] AndroidManifest.xml:22:13-52
168        <activity
168-->[:flutter_inappwebview_android] AndroidManifest.xml:23:9-26:55
169            android:name="com.pichillilorenzo.flutter_inappwebview_android.chrome_custom_tabs.TrustedWebActivity"
169-->[:flutter_inappwebview_android] AndroidManifest.xml:24:13-114
170            android:exported="false"
170-->[:flutter_inappwebview_android] AndroidManifest.xml:25:13-37
171            android:theme="@style/ThemeTransparent" />
171-->[:flutter_inappwebview_android] AndroidManifest.xml:26:13-52
172        <activity
172-->[:flutter_inappwebview_android] AndroidManifest.xml:27:9-31:55
173            android:name="com.pichillilorenzo.flutter_inappwebview_android.chrome_custom_tabs.ChromeCustomTabsActivitySingleInstance"
173-->[:flutter_inappwebview_android] AndroidManifest.xml:28:13-134
174            android:exported="false"
174-->[:flutter_inappwebview_android] AndroidManifest.xml:29:13-37
175            android:launchMode="singleInstance"
175-->[:flutter_inappwebview_android] AndroidManifest.xml:30:13-48
176            android:theme="@style/ThemeTransparent" />
176-->[:flutter_inappwebview_android] AndroidManifest.xml:31:13-52
177        <activity
177-->[:flutter_inappwebview_android] AndroidManifest.xml:32:9-36:55
178            android:name="com.pichillilorenzo.flutter_inappwebview_android.chrome_custom_tabs.TrustedWebActivitySingleInstance"
178-->[:flutter_inappwebview_android] AndroidManifest.xml:33:13-128
179            android:exported="false"
179-->[:flutter_inappwebview_android] AndroidManifest.xml:34:13-37
180            android:launchMode="singleInstance"
180-->[:flutter_inappwebview_android] AndroidManifest.xml:35:13-48
181            android:theme="@style/ThemeTransparent" />
181-->[:flutter_inappwebview_android] AndroidManifest.xml:36:13-52
182
183        <receiver
183-->[:flutter_inappwebview_android] AndroidManifest.xml:38:9-41:40
184            android:name="com.pichillilorenzo.flutter_inappwebview_android.chrome_custom_tabs.ActionBroadcastReceiver"
184-->[:flutter_inappwebview_android] AndroidManifest.xml:39:13-119
185            android:enabled="true"
185-->[:flutter_inappwebview_android] AndroidManifest.xml:40:13-35
186            android:exported="false" />
186-->[:flutter_inappwebview_android] AndroidManifest.xml:41:13-37
187
188        <meta-data
188-->[:flutter_inappwebview_android] AndroidManifest.xml:43:9-45:36
189            android:name="io.flutter.embedded_views_preview"
189-->[:flutter_inappwebview_android] AndroidManifest.xml:44:13-61
190            android:value="true" />
190-->[:flutter_inappwebview_android] AndroidManifest.xml:45:13-33
191
192        <service
192-->[:geolocator_android] AndroidManifest.xml:8:9-12:56
193            android:name="com.baseflow.geolocator.GeolocatorLocationService"
193-->[:geolocator_android] AndroidManifest.xml:9:13-77
194            android:enabled="true"
194-->[:geolocator_android] AndroidManifest.xml:10:13-35
195            android:exported="false"
195-->[:geolocator_android] AndroidManifest.xml:11:13-37
196            android:foregroundServiceType="location" />
196-->[:geolocator_android] AndroidManifest.xml:12:13-53
197
198        <provider
198-->[:image_picker_android] AndroidManifest.xml:9:9-17:20
199            android:name="io.flutter.plugins.imagepicker.ImagePickerFileProvider"
199-->[:image_picker_android] AndroidManifest.xml:10:13-82
200            android:authorities="com.heybaxi.vr.flutter.image_provider"
200-->[:image_picker_android] AndroidManifest.xml:11:13-74
201            android:exported="false"
201-->[:image_picker_android] AndroidManifest.xml:12:13-37
202            android:grantUriPermissions="true" >
202-->[:image_picker_android] AndroidManifest.xml:13:13-47
203            <meta-data
203-->[:share_plus] AndroidManifest.xml:18:13-20:68
204                android:name="android.support.FILE_PROVIDER_PATHS"
204-->[:share_plus] AndroidManifest.xml:19:17-67
205                android:resource="@xml/flutter_image_picker_file_paths" />
205-->[:share_plus] AndroidManifest.xml:20:17-65
206        </provider> <!-- Trigger Google Play services to install the backported photo picker module. -->
207        <service
207-->[:image_picker_android] AndroidManifest.xml:19:9-31:19
208            android:name="com.google.android.gms.metadata.ModuleDependencies"
208-->[:image_picker_android] AndroidManifest.xml:20:13-78
209            android:enabled="false"
209-->[:image_picker_android] AndroidManifest.xml:21:13-36
210            android:exported="false" >
210-->[:image_picker_android] AndroidManifest.xml:22:13-37
211            <intent-filter>
211-->[:image_picker_android] AndroidManifest.xml:24:13-26:29
212                <action android:name="com.google.android.gms.metadata.MODULE_DEPENDENCIES" />
212-->[:image_picker_android] AndroidManifest.xml:25:17-94
212-->[:image_picker_android] AndroidManifest.xml:25:25-91
213            </intent-filter>
214
215            <meta-data
215-->[:image_picker_android] AndroidManifest.xml:28:13-30:36
216                android:name="photopicker_activity:0:required"
216-->[:image_picker_android] AndroidManifest.xml:29:17-63
217                android:value="" />
217-->[:image_picker_android] AndroidManifest.xml:30:17-33
218        </service>
219
220        <activity
220-->[:url_launcher_android] AndroidManifest.xml:8:9-11:74
221            android:name="io.flutter.plugins.urllauncher.WebViewActivity"
221-->[:url_launcher_android] AndroidManifest.xml:9:13-74
222            android:exported="false"
222-->[:url_launcher_android] AndroidManifest.xml:10:13-37
223            android:theme="@android:style/Theme.NoTitleBar.Fullscreen" />
223-->[:url_launcher_android] AndroidManifest.xml:11:13-71
224
225        <service
225-->[:firebase_auth] AndroidManifest.xml:8:9-12:19
226            android:name="com.google.firebase.components.ComponentDiscoveryService"
226-->[:firebase_auth] AndroidManifest.xml:8:18-89
227            android:directBootAware="true"
227-->[com.google.firebase:firebase-common:21.0.0] AndroidManifest.xml:32:13-43
228            android:exported="false" >
228-->[com.google.firebase:firebase-auth:23.1.0] AndroidManifest.xml:68:13-37
229            <meta-data
229-->[:firebase_auth] AndroidManifest.xml:9:13-11:85
230                android:name="com.google.firebase.components:io.flutter.plugins.firebase.auth.FlutterFirebaseAuthRegistrar"
230-->[:firebase_auth] AndroidManifest.xml:10:17-124
231                android:value="com.google.firebase.components.ComponentRegistrar" />
231-->[:firebase_auth] AndroidManifest.xml:11:17-82
232            <meta-data
232-->[:firebase_crashlytics] AndroidManifest.xml:9:13-11:85
233                android:name="com.google.firebase.components:io.flutter.plugins.firebase.crashlytics.FlutterFirebaseAppRegistrar"
233-->[:firebase_crashlytics] AndroidManifest.xml:10:17-130
234                android:value="com.google.firebase.components.ComponentRegistrar" />
234-->[:firebase_crashlytics] AndroidManifest.xml:11:17-82
235            <meta-data
235-->[:firebase_messaging] AndroidManifest.xml:36:13-38:85
236                android:name="com.google.firebase.components:io.flutter.plugins.firebase.messaging.FlutterFirebaseAppRegistrar"
236-->[:firebase_messaging] AndroidManifest.xml:37:17-128
237                android:value="com.google.firebase.components.ComponentRegistrar" />
237-->[:firebase_messaging] AndroidManifest.xml:38:17-82
238            <meta-data
238-->[:firebase_core] AndroidManifest.xml:9:13-11:85
239                android:name="com.google.firebase.components:io.flutter.plugins.firebase.core.FlutterFirebaseCoreRegistrar"
239-->[:firebase_core] AndroidManifest.xml:10:17-124
240                android:value="com.google.firebase.components.ComponentRegistrar" />
240-->[:firebase_core] AndroidManifest.xml:11:17-82
241            <meta-data
241-->[com.google.firebase:firebase-auth:23.1.0] AndroidManifest.xml:69:13-71:85
242                android:name="com.google.firebase.components:com.google.firebase.auth.FirebaseAuthRegistrar"
242-->[com.google.firebase:firebase-auth:23.1.0] AndroidManifest.xml:70:17-109
243                android:value="com.google.firebase.components.ComponentRegistrar" />
243-->[com.google.firebase:firebase-auth:23.1.0] AndroidManifest.xml:71:17-82
244            <meta-data
244-->[com.google.firebase:firebase-messaging:24.1.0] AndroidManifest.xml:57:13-59:85
245                android:name="com.google.firebase.components:com.google.firebase.messaging.FirebaseMessagingKtxRegistrar"
245-->[com.google.firebase:firebase-messaging:24.1.0] AndroidManifest.xml:58:17-122
246                android:value="com.google.firebase.components.ComponentRegistrar" />
246-->[com.google.firebase:firebase-messaging:24.1.0] AndroidManifest.xml:59:17-82
247            <meta-data
247-->[com.google.firebase:firebase-messaging:24.1.0] AndroidManifest.xml:60:13-62:85
248                android:name="com.google.firebase.components:com.google.firebase.messaging.FirebaseMessagingRegistrar"
248-->[com.google.firebase:firebase-messaging:24.1.0] AndroidManifest.xml:61:17-119
249                android:value="com.google.firebase.components.ComponentRegistrar" />
249-->[com.google.firebase:firebase-messaging:24.1.0] AndroidManifest.xml:62:17-82
250            <meta-data
250-->[com.google.firebase:firebase-crashlytics:19.3.0] AndroidManifest.xml:15:13-17:85
251                android:name="com.google.firebase.components:com.google.firebase.crashlytics.FirebaseCrashlyticsKtxRegistrar"
251-->[com.google.firebase:firebase-crashlytics:19.3.0] AndroidManifest.xml:16:17-126
252                android:value="com.google.firebase.components.ComponentRegistrar" />
252-->[com.google.firebase:firebase-crashlytics:19.3.0] AndroidManifest.xml:17:17-82
253            <meta-data
253-->[com.google.firebase:firebase-crashlytics:19.3.0] AndroidManifest.xml:18:13-20:85
254                android:name="com.google.firebase.components:com.google.firebase.crashlytics.CrashlyticsRegistrar"
254-->[com.google.firebase:firebase-crashlytics:19.3.0] AndroidManifest.xml:19:17-115
255                android:value="com.google.firebase.components.ComponentRegistrar" />
255-->[com.google.firebase:firebase-crashlytics:19.3.0] AndroidManifest.xml:20:17-82
256            <meta-data
256-->[com.google.android.gms:play-services-measurement-api:22.1.2] AndroidManifest.xml:37:13-39:85
257                android:name="com.google.firebase.components:com.google.firebase.analytics.connector.internal.AnalyticsConnectorRegistrar"
257-->[com.google.android.gms:play-services-measurement-api:22.1.2] AndroidManifest.xml:38:17-139
258                android:value="com.google.firebase.components.ComponentRegistrar" />
258-->[com.google.android.gms:play-services-measurement-api:22.1.2] AndroidManifest.xml:39:17-82
259            <meta-data
259-->[com.google.firebase:firebase-sessions:2.0.7] AndroidManifest.xml:29:13-31:85
260                android:name="com.google.firebase.components:com.google.firebase.sessions.FirebaseSessionsRegistrar"
260-->[com.google.firebase:firebase-sessions:2.0.7] AndroidManifest.xml:30:17-117
261                android:value="com.google.firebase.components.ComponentRegistrar" />
261-->[com.google.firebase:firebase-sessions:2.0.7] AndroidManifest.xml:31:17-82
262            <meta-data
262-->[com.google.firebase:firebase-installations:18.0.0] AndroidManifest.xml:15:13-17:85
263                android:name="com.google.firebase.components:com.google.firebase.installations.FirebaseInstallationsKtxRegistrar"
263-->[com.google.firebase:firebase-installations:18.0.0] AndroidManifest.xml:16:17-130
264                android:value="com.google.firebase.components.ComponentRegistrar" />
264-->[com.google.firebase:firebase-installations:18.0.0] AndroidManifest.xml:17:17-82
265            <meta-data
265-->[com.google.firebase:firebase-installations:18.0.0] AndroidManifest.xml:18:13-20:85
266                android:name="com.google.firebase.components:com.google.firebase.installations.FirebaseInstallationsRegistrar"
266-->[com.google.firebase:firebase-installations:18.0.0] AndroidManifest.xml:19:17-127
267                android:value="com.google.firebase.components.ComponentRegistrar" />
267-->[com.google.firebase:firebase-installations:18.0.0] AndroidManifest.xml:20:17-82
268            <meta-data
268-->[com.google.firebase:firebase-common-ktx:21.0.0] AndroidManifest.xml:12:13-14:85
269                android:name="com.google.firebase.components:com.google.firebase.ktx.FirebaseCommonLegacyRegistrar"
269-->[com.google.firebase:firebase-common-ktx:21.0.0] AndroidManifest.xml:13:17-116
270                android:value="com.google.firebase.components.ComponentRegistrar" />
270-->[com.google.firebase:firebase-common-ktx:21.0.0] AndroidManifest.xml:14:17-82
271            <meta-data
271-->[com.google.firebase:firebase-common:21.0.0] AndroidManifest.xml:35:13-37:85
272                android:name="com.google.firebase.components:com.google.firebase.FirebaseCommonKtxRegistrar"
272-->[com.google.firebase:firebase-common:21.0.0] AndroidManifest.xml:36:17-109
273                android:value="com.google.firebase.components.ComponentRegistrar" />
273-->[com.google.firebase:firebase-common:21.0.0] AndroidManifest.xml:37:17-82
274            <meta-data
274-->[com.google.firebase:firebase-datatransport:19.0.0] AndroidManifest.xml:25:13-27:85
275                android:name="com.google.firebase.components:com.google.firebase.datatransport.TransportRegistrar"
275-->[com.google.firebase:firebase-datatransport:19.0.0] AndroidManifest.xml:26:17-115
276                android:value="com.google.firebase.components.ComponentRegistrar" />
276-->[com.google.firebase:firebase-datatransport:19.0.0] AndroidManifest.xml:27:17-82
277        </service>
278        <service
278-->[:firebase_messaging] AndroidManifest.xml:14:9-17:72
279            android:name="io.flutter.plugins.firebase.messaging.FlutterFirebaseMessagingBackgroundService"
279-->[:firebase_messaging] AndroidManifest.xml:15:13-107
280            android:exported="false"
280-->[:firebase_messaging] AndroidManifest.xml:16:13-37
281            android:permission="android.permission.BIND_JOB_SERVICE" />
281-->[:firebase_messaging] AndroidManifest.xml:17:13-69
282        <service
282-->[:firebase_messaging] AndroidManifest.xml:18:9-24:19
283            android:name="io.flutter.plugins.firebase.messaging.FlutterFirebaseMessagingService"
283-->[:firebase_messaging] AndroidManifest.xml:19:13-97
284            android:exported="false" >
284-->[:firebase_messaging] AndroidManifest.xml:20:13-37
285            <intent-filter>
285-->[:firebase_messaging] AndroidManifest.xml:21:13-23:29
286                <action android:name="com.google.firebase.MESSAGING_EVENT" />
286-->[:firebase_messaging] AndroidManifest.xml:22:17-78
286-->[:firebase_messaging] AndroidManifest.xml:22:25-75
287            </intent-filter>
288        </service>
289
290        <receiver
290-->[:firebase_messaging] AndroidManifest.xml:26:9-33:20
291            android:name="io.flutter.plugins.firebase.messaging.FlutterFirebaseMessagingReceiver"
291-->[:firebase_messaging] AndroidManifest.xml:27:13-98
292            android:exported="true"
292-->[:firebase_messaging] AndroidManifest.xml:28:13-36
293            android:permission="com.google.android.c2dm.permission.SEND" >
293-->[:firebase_messaging] AndroidManifest.xml:29:13-73
294            <intent-filter>
294-->[:firebase_messaging] AndroidManifest.xml:30:13-32:29
295                <action android:name="com.google.android.c2dm.intent.RECEIVE" />
295-->[:firebase_messaging] AndroidManifest.xml:31:17-81
295-->[:firebase_messaging] AndroidManifest.xml:31:25-78
296            </intent-filter>
297        </receiver>
298
299        <provider
299-->[:firebase_messaging] AndroidManifest.xml:41:9-45:38
300            android:name="io.flutter.plugins.firebase.messaging.FlutterFirebaseMessagingInitProvider"
300-->[:firebase_messaging] AndroidManifest.xml:42:13-102
301            android:authorities="com.heybaxi.vr.flutterfirebasemessaginginitprovider"